Build started 10/22/2014 11:40:22 AM.
     1>Project "Z:\Win7Files\Documents\GitHub\Optim-project3\gorwal3a\gorwal3a\gorwal3a.vcxproj" on node 2 (build target(s)).
       Project file contains ToolsVersion="12.0". This toolset may be unknown or missing, in which case you may be able to resolve this by installing the appropriate version of MSBuild, or the build may have been forced to a particular ToolsVersion for policy reasons. Treating the project as if it had ToolsVersion="4.0". For more information, please see http://go.microsoft.com/fwlink/?LinkId=291333.
     1>InitializeBuildStatus:
         Creating "Debug\gorwal3a.unsuccessfulbuild" because "AlwaysCreate" was specified.
       ClCompile:
         C:\Program Files (x86)\Microsoft Visual Studio 10.0\VC\bin\CL.exe /c /ZI /nologo /W3 /WX- /Od /Oy- /D WIN32 /D _DEBUG /D _CONSOLE /D _LIB /D _UNICODE /D UNICODE /Gm /EHsc /RTC1 /MDd /GS /fp:precise /Zc:wchar_t /Zc:forScope /Fo"Debug\\" /Fd"Debug\vc100.pdb" /Gd /TP /analyze- /errorReport:prompt dictionary.cpp
         dictionary.cpp
       ManifestResourceCompile:
         All outputs are up-to-date.
       Link:
         C:\Program Files (x86)\Microsoft Visual Studio 10.0\VC\bin\link.exe /ERRORREPORT:PROMPT /OUT:"Z:\Win7Files\Documents\GitHub\Optim-project3\gorwal3a\Debug\gorwal3a.exe" /INCREMENTAL /NOLOGO kernel32.lib user32.lib gdi32.lib winspool.lib comdlg32.lib advapi32.lib shell32.lib ole32.lib oleaut32.lib uuid.lib odbc32.lib odbccp32.lib /MANIFEST /ManifestFile:"Debug\gorwal3a.exe.intermediate.manifest" /MANIFESTUAC:"level='asInvoker' uiAccess='false'" /DEBUG /PDB:"Z:\Win7Files\Documents\GitHub\Optim-project3\gorwal3a\Debug\gorwal3a.pdb" /SUBSYSTEM:CONSOLE /TLBID:1 /DYNAMICBASE /NXCOMPAT /IMPLIB:"Z:\Win7Files\Documents\GitHub\Optim-project3\gorwal3a\Debug\gorwal3a.lib" /MACHINE:X86 Debug\gorwal3a.exe.embed.manifest.res
         Debug\dictionary.obj
         Debug\grid.obj
         Debug\main.obj
       Manifest:
         C:\Program Files (x86)\Microsoft SDKs\Windows\v7.0A\bin\mt.exe /nologo /verbose /out:"Debug\gorwal3a.exe.embed.manifest" /manifest Debug\gorwal3a.exe.intermediate.manifest
         All outputs are up-to-date.
       LinkEmbedManifest:
         All outputs are up-to-date.
         gorwal3a.vcxproj -> Z:\Win7Files\Documents\GitHub\Optim-project3\gorwal3a\Debug\gorwal3a.exe
       FinalizeBuildStatus:
         Deleting file "Debug\gorwal3a.unsuccessfulbuild".
         Touching "Debug\gorwal3a.lastbuildstate".
     1>Done Building Project "Z:\Win7Files\Documents\GitHub\Optim-project3\gorwal3a\gorwal3a\gorwal3a.vcxproj" (build target(s)).

Build succeeded.

Time Elapsed 00:00:07.93
